<?xml version="1.0" encoding="UTF-8"?>
<testsuite xmlns:xsi="http://www.w3.org/2001/XMLSchema-instance" xsi:noNamespaceSchemaLocation="https://maven.apache.org/surefire/maven-surefire-plugin/xsd/surefire-test-report.xsd" name="runner.TestRunner" time="33.393" tests="3" errors="0" skipped="0" failures="2">
  <properties>
[...]
</properties>
  <testcase name="Login Successfull" classname="Login" time="16.957"/>
  <testcase name="Unsuccessful login with invalid password" classname="Login" time="7.075">
    <failure message="expected:&lt;[]Username and passwor...&gt; but was:&lt;[Epic sadface: ]Username and passwor...&gt;" type="org.junit.ComparisonFailure"><![CDATA[org.junit.ComparisonFailure: expected:<[]Username and passwor...> but was:<[Epic sadface: ]Username and passwor...>
]]></failure>
    <system-out><![CDATA[
Scenario: Unsuccessful login with invalid password                                                  &amp#27;[90m# src/test/java/features/Login.feature:9&amp#27;[0m
I am on the login page
  &amp#27;[32mGiven &amp#27;[0m&amp#27;[32mI am on the login page&amp#27;[0m                                                                      &amp#27;[90m# StepDefinitions.LoginSteps.i_am_on_login_page()&amp#27;[0m
  &amp#27;[32mWhen &amp#27;[0m&amp#27;[32mI entered my username &amp#27;[0m&amp#27;[32m&amp#27;[1m"standard_user"&amp#27;[0m&amp#27;[32m and password &amp#27;[0m&amp#27;[32m&amp#27;[1m"secret_nich"&amp#27;[0m                             &amp#27;[90m# StepDefinitions.LoginSteps.i_entered_my_username_and_password(java.lang.String,java.lang.String)&amp#27;[0m
Login button clicked
  &amp#27;[32mAnd &amp#27;[0m&amp#27;[32mI clicked on the login button&amp#27;[0m                                                                 &amp#27;[90m# StepDefinitions.LoginSteps.i_clicked_login_button()&amp#27;[0m
Expected error message: Username and password do not match any user in this service
Actual error message: Epic sadface: Username and password do not match any user in this service
  &amp#27;[31mThen &amp#27;[0m&amp#27;[31mI should see the error message &amp#27;[0m&amp#27;[31m&amp#27;[1m"Username and password do not match any user in this service"&amp#27;[0m &amp#27;[90m# StepDefinitions.LoginSteps.Result(java.lang.String)&amp#27;[0m
      &amp#27;[31morg.junit.ComparisonFailure: expected:<[]Username and passwor...> but was:<[Epic sadface: ]Username and passwor...>
	at org.junit.Assert.assertEquals(Assert.java:117)
	at org.junit.Assert.assertEquals(Assert.java:146)
	at StepDefinitions.LoginSteps.Result(LoginSteps.java:46)
	at âœ½.I should see the error message "Username and password do not match any user in this service"(file:///C:/POLBAN%20MATERI/SEMESTER%206/Pengujian%20Perangkat%20Lunak/Praktek/Week%2011/Automation-Web-Testing/src/test/java/features/Login.feature:13)
&amp#27;[0m
]]></system-out>
    <system-err><![CDATA[Starting ChromeDriver 124.0.6367.207 (a9001a6e39fbaa559510ca866052950457dd4e6b-refs/branch-heads/6367_201@{#3}) on port 47264
Only local connections are allowed.
Please see https://chromedriver.chromium.org/security-considerations for suggestions on keeping ChromeDriver safe.
ChromeDriver was started successfully.
Mei 19, 2024 3:42:57 PM org.openqa.selenium.remote.ProtocolHandshake createSession
INFO: Detected dialect: W3C
]]></system-err>
  </testcase>
  <testcase name="Unsuccessful login with invalid credentials. The username not registered." classname="Login" time="4.006">
    <failure message="expected:&lt;[]Username and passwor...&gt; but was:&lt;[Epic sadface: ]Username and passwor...&gt;" type="org.junit.ComparisonFailure"><![CDATA[org.junit.ComparisonFailure: expected:<[]Username and passwor...> but was:<[Epic sadface: ]Username and passwor...>
]]></failure>
    <system-out><![CDATA[
Scenario: Unsuccessful login with invalid credentials. The username not registered.                 &amp#27;[90m# src/test/java/features/Login.feature:15&amp#27;[0m
I am on the login page
  &amp#27;[32mGiven &amp#27;[0m&amp#27;[32mI am on the login page&amp#27;[0m                                                                      &amp#27;[90m# StepDefinitions.LoginSteps.i_am_on_login_page()&amp#27;[0m
  &amp#27;[32mWhen &amp#27;[0m&amp#27;[32mI entered my username &amp#27;[0m&amp#27;[32m&amp#27;[1m"standard_nich"&amp#27;[0m&amp#27;[32m and password &amp#27;[0m&amp#27;[32m&amp#27;[1m"secret_sauce"&amp#27;[0m                            &amp#27;[90m# StepDefinitions.LoginSteps.i_entered_my_username_and_password(java.lang.String,java.lang.String)&amp#27;[0m
Login button clicked
  &amp#27;[32mAnd &amp#27;[0m&amp#27;[32mI clicked on the login button&amp#27;[0m                                                                 &amp#27;[90m# StepDefinitions.LoginSteps.i_clicked_login_button()&amp#27;[0m
Expected error message: Username and password do not match any user in this service
Actual error message: Epic sadface: Username and password do not match any user in this service
  &amp#27;[31mThen &amp#27;[0m&amp#27;[31mI should see the error message &amp#27;[0m&amp#27;[31m&amp#27;[1m"Username and password do not match any user in this service"&amp#27;[0m &amp#27;[90m# StepDefinitions.LoginSteps.Result(java.lang.String)&amp#27;[0m
      &amp#27;[31morg.junit.ComparisonFailure: expected:<[]Username and passwor...> but was:<[Epic sadface: ]Username and passwor...>
	at org.junit.Assert.assertEquals(Assert.java:117)
	at org.junit.Assert.assertEquals(Assert.java:146)
	at StepDefinitions.LoginSteps.Result(LoginSteps.java:46)
	at âœ½.I should see the error message "Username and password do not match any user in this service"(file:///C:/POLBAN%20MATERI/SEMESTER%206/Pengujian%20Perangkat%20Lunak/Praktek/Week%2011/Automation-Web-Testing/src/test/java/features/Login.feature:19)
&amp#27;[0m
]]></system-out>
    <system-err><![CDATA[Starting ChromeDriver 124.0.6367.207 (a9001a6e39fbaa559510ca866052950457dd4e6b-refs/branch-heads/6367_201@{#3}) on port 15674
Only local connections are allowed.
Please see https://chromedriver.chromium.org/security-considerations for suggestions on keeping ChromeDriver safe.
ChromeDriver was started successfully.
Mei 19, 2024 3:43:03 PM org.openqa.selenium.remote.ProtocolHandshake createSession
INFO: Detected dialect: W3C
]]></system-err>
  </testcase>
</testsuite>